[13.00ms] CREATE TABLE IF NOT EXISTS `_migrations` (file VARCHAR(255) PRIMARY KEY NOT NULL, applied BIGINT NOT NULL)
[1.00ms] SELECT (1) FROM "_migrations" WHERE "file"='1640988000_aux_init.go' LIMIT 1
[1.00ms] SELECT (1) FROM "_migrations" WHERE "file"='1640988000_init.go' LIMIT 1
[0.00ms] SELECT (1) FROM "_migrations" WHERE "file"='1717233556_v0.23_migrate.go' LIMIT 1
[0.00ms] SELECT (1) FROM "_migrations" WHERE "file"='1717233557_v0.23_migrate2.go' LIMIT 1
[0.00ms] SELECT (1) FROM "_migrations" WHERE "file"='1717233558_v0.23_migrate3.go' LIMIT 1
[0.00ms] SELECT (1) FROM "_migrations" WHERE "file"='1717233559_v0.23_migrate4.go' LIMIT 1
[0.00ms] SELECT (1) FROM "_migrations" WHERE "file"='1763020353_update_default_auth_alert_templates.go' LIMIT 1
[7.00ms] SELECT `_collections`.* FROM "_collections" ORDER BY "created" ASC
[0.00ms] SELECT `_params`.* FROM "_params" WHERE "id"='settings'
[0.00ms] SELECT `_collections`.* FROM "_collections" ORDER BY "created" ASC
[0.00ms] CREATE TABLE IF NOT EXISTS `_migrations` (file VARCHAR(255) PRIMARY KEY NOT NULL, applied BIGINT NOT NULL)
[0.00ms] SELECT (1) FROM "_migrations" WHERE "file"='1640988000_aux_init.go' LIMIT 1
[0.00ms] SELECT (1) FROM "_migrations" WHERE "file"='1640988000_init.go' LIMIT 1
[1.00ms] SELECT (1) FROM "_migrations" WHERE "file"='1717233556_v0.23_migrate.go' LIMIT 1
[0.00ms] SELECT (1) FROM "_migrations" WHERE "file"='1717233557_v0.23_migrate2.go' LIMIT 1
[0.00ms] SELECT (1) FROM "_migrations" WHERE "file"='1717233558_v0.23_migrate3.go' LIMIT 1
[0.00ms] SELECT (1) FROM "_migrations" WHERE "file"='1717233559_v0.23_migrate4.go' LIMIT 1
[0.00ms] SELECT (1) FROM "_migrations" WHERE "file"='1763020353_update_default_auth_alert_templates.go' LIMIT 1
2026/02/17 07:48:39 Server started at http://127.0.0.1:8090
├─ REST API:  http://127.0.0.1:8090/api/
└─ Dashboard: http://127.0.0.1:8090/_/
[1.00ms] SELECT count(*) FROM "_superusers" WHERE NOT ("email"='__pbinstaller@example.com')
[1.00ms] SELECT "_superusers".* FROM "_superusers" WHERE "email"='admin@example.com' LIMIT 1
[1.00ms] SELECT "_authOrigins".* FROM "_authOrigins" WHERE "collectionRef"='pbc_3142635823' AND "recordRef"='bmz6qulk542bz75' ORDER BY "created" DESC
[0.00ms] SELECT `_collections`.* FROM "_collections" WHERE "id"='pbc_3142635823'
[1.00ms] SELECT (1) FROM "_superusers" WHERE "id"='bmz6qulk542bz75' LIMIT 1
[5.00ms] UPDATE "_authOrigins" SET "collectionRef"='pbc_3142635823', "created"='2026-02-17 04:19:30.307Z', "fingerprint"='a6b62a78efce5f751c7de7b861fe9d97', "id"='z4ib0h76u4vnvjp', "recordRef"='bmz6qulk542bz75', "updated"='2026-02-17 04:48:44.857Z' WHERE "id"='z4ib0h76u4vnvjp'
INFO POST /api/collections/_superusers/auth-with-password
[1.00ms] SELECT "_superusers".* FROM "_superusers" WHERE "_superusers"."id"='bmz6qulk542bz75' LIMIT 1
[0.00ms] SELECT (1) FROM "_collections" WHERE "id"='pbc_1125843985' LIMIT 1
[1.00ms] SELECT (1) FROM "_collections" WHERE "id"='pbc_11258439852' LIMIT 1
[0.00ms] SELECT "id" FROM "_collections" WHERE "id"='pbc_11258439852' LIMIT 1
[1.00ms] SELECT count(*) FROM "_collections" WHERE (LOWER("name")='posts') AND ("id"<>'pbc_3233087073') LIMIT 1
[0.00ms] SELECT `_collections`.* FROM "_collections" ORDER BY "created" ASC
ERROR POST /api/collections
└─ Failed to create collection.
   └─ map[name:Collection name must be unique (case insensitive).]
[2.00ms] SELECT "_superusers".* FROM "_superusers" WHERE "_superusers"."id"='bmz6qulk542bz75' LIMIT 1
[3.00ms] INSERT INTO "posts" ("id") VALUES ('a69loyh1bnq84yl')
INFO POST /api/collections/posts/records
[1.00ms] SELECT "_superusers".* FROM "_superusers" WHERE "_superusers"."id"='bmz6qulk542bz75' LIMIT 1
[0.00ms] SELECT "posts".* FROM "posts" LIMIT 30
[9.00ms] SELECT COUNT(DISTINCT `posts`.`id`) FROM "posts"
INFO GET /api/collections/posts/records
